<?xml version="1.0" encoding="UTF-8"?>
<!-- Generated by org.testng.reporters.JUnitReportReporter -->
<testsuite skipped="0" hostname="DESKTOP-HP3BRGL" name="test.TestScripts" tests="2" failures="0" timestamp="27 Sep 2019 13:11:39 GMT" time="100.242" errors="0">
  <testcase name="C1940" time="75.908" classname="test.TestScripts"/>
  <testcase name="C1947" time="24.334" classname="test.TestScripts"/>
</testsuite> <!-- test.TestScripts -->
